$**************  SCADETOC Version 18.2 (build i9) **************
** Generation date: 2019-01-22T18:38:48
** Command: scade -code "C:\Users\3771834\Desktop\tme13\tme13.etp" -root tme13 -conf KCG
*************************************************************$
*** Generated Files Information (GENFIL): KCG- Generated files
  at file C:\Users\3771834\Desktop\tme13\KCG\mapping.xml, line 0, character 0
 ~mapping.xml
  at file C:\Users\3771834\Desktop\tme13\KCG\kcg_metrics.txt, line 0, character 0
 ~kcg_metrics.txt
  at file C:\Users\3771834\Desktop\tme13\KCG\tme13.c, line 0, character 0
 ~tme13.c
  at file C:\Users\3771834\Desktop\tme13\KCG\rawcount.c, line 0, character 0
 ~rawcount.c
  at file C:\Users\3771834\Desktop\tme13\KCG\tme13.h, line 0, character 0
 ~tme13.h
  at file C:\Users\3771834\Desktop\tme13\KCG\rawcount.h, line 0, character 0
 ~rawcount.h
  at file C:\Users\3771834\Desktop\tme13\KCG\kcg_types.h, line 0, character 0
 ~kcg_types.h
  at file C:\Users\3771834\Desktop\tme13\KCG\kcg_consts.h, line 0, character 0
 ~kcg_consts.h
  at file C:\Users\3771834\Desktop\tme13\KCG\kcg_sensors.h, line 0, character 0
 ~kcg_sensors.h
  at file C:\Users\3771834\Desktop\tme13\KCG\kcg_types.c, line 0, character 0
 ~kcg_types.c
  at file C:\Users\3771834\Desktop\tme13\KCG\kcg_consts.c, line 0, character 0
 ~kcg_consts.c
  at file C:\Users\3771834\Desktop\tme13\KCG\kcg_xml_filter_out.scade, line 0, character 0
 ~kcg_xml_filter_out.scade
  at file C:\Users\3771834\Desktop\tme13\KCG\config.txt, line 0, character 0
 ~config.txt
*** Generated Files Information (GENFIL): Code Generator Generated files
  at file C:\Users\3771834\Desktop\tme13\KCG\user_macros.h, line 0, character 0
 ~user_macros.h
  at file C:\Users\3771834\Desktop\tme13\KCG\kcg_imported_types.h, line 0, character 0
 ~kcg_imported_types.h
  at file C:\Users\3771834\Desktop\tme13\KCG\sc2c.log, line 0, character 0
 ~sc2c.log
  at file C:\Users\3771834\Desktop\tme13\KCG\sc2c_integration_files.txt, line 0, character 0
 ~sc2c_integration_files.txt
$**************  SCADETOC Version 18.2 (build i9) **************
** Generation date: 2019-01-22T18:38:49
** sc2c.log
*************************************************************$
