$********** SCADE Suite KCG 32-bit 6.6 (build i19) ***********
** Command: kcg66.exe -config C:/Users/3771834/Desktop/tme13/Simulation/config.txt
** Generation date: 2019-01-22T18:14:27
*************************************************************$
*** Post-namespace Warning (WAR_508): Unused flow
  at file C:/Users/3771834/Desktop/tme13/Simulation/scade_model_without_unused.scade, line 901, character 0
  at path rawcount/_L2/
 The local variable _L2 is never used
*** Type Warning (WAR_151): Internal state expected
  at file C:/Users/3771834/Desktop/tme13/Simulation/scade_model_without_unused.scade, line 867, character 0
  at path rawcount/
 Node rawcount has no internal state
 (it should probably be declared as a function)
2 warnings were found
No error was found
No failure occurred
$********** SCADE Suite KCG 32-bit 6.6 (build i19) ***********
** kcg.log
** Generation date: 2019-01-22T18:14:27
*************************************************************$
