$********** SCADE Suite KCG 32-bit 6.6 (build i19) ***********
** Command: kcg66.exe -config C:/Users/3771834/Desktop/tme13/KCG/config.txt
** Generation date: 2019-01-22T18:38:49
*************************************************************$
*** Post-namespace Warning (WAR_508): Unused flow
  at file C:/Users/3771834/Desktop/tme13/Operator1.xscade, line 94, character 19
  at path rawcount/_L2/
 The local variable _L2 is never used
*** Post-namespace Warning (WAR_508): Unused flow
  at file C:/Users/3771834/Desktop/tme13/Operator2.xscade, line 6, character 19
  at path counttime/Input1/
 The input variable Input1 is never used
*** Type Warning (WAR_151): Internal state expected
  at file C:/Users/3771834/Desktop/tme13/Operator1.xscade, line 4, character 29
  at path rawcount/
 Node rawcount has no internal state
 (it should probably be declared as a function)
3 warnings were found
No error was found
No failure occurred
$********** SCADE Suite KCG 32-bit 6.6 (build i19) ***********
** kcg.log
** Generation date: 2019-01-22T18:38:49
*************************************************************$
